<?xml version="1.0" encoding="UTF-8"?>
<!-- Generated by org.testng.reporters.JUnitXMLReporter -->
<testsuite ignored="0" hostname="SPTVMLAP-2124" failures="0" tests="2" name="Default test" time="1847.696" errors="0" timestamp="2025-01-30T10:18:31 IST">
  <testcase classname="com.test.Customer.AllScenarios_Cust_CustSearch" name="customerSearch" time="1846.945"/>
  <testcase classname="com.test.Customer.AllScenarios_Cust_CustSearch" name="customerSearch" time="0.001"/>
</testsuite> <!-- Default test -->
