<?xml version="1.0" encoding="UTF-8"?>
<!-- Generated by org.testng.reporters.JUnitXMLReporter -->
<testsuite ignored="0" hostname="SPCLTLAP-0350" failures="0" tests="3" name="Test" time="1456.616" errors="0" timestamp="2025-05-07T12:06:57 IST">
  <testcase classname="com.test.Customer.AllScenarios_Cust_QuickCustomer" name="quickCustomer" time="1158.912"/>
  <testcase classname="com.test.Customer.AllScenarios_Cust_NewCustomer" name="newCustomer" time="77.86"/>
  <testcase classname="com.test.Customer.AllScenarios_Cust_CustRating" name="customerRating" time="216.738"/>
</testsuite> <!-- Test -->
