<?xml version="1.0" encoding="UTF-8"?>
<testng-results ignored="0" total="1" passed="1" failed="0" skipped="0">
  <reporter-output>
  </reporter-output>
  <suite started-at="2025-03-04T14:52:48 IST" name="Default suite" finished-at="2025-03-04T14:58:05 IST" duration-ms="316573">
    <groups>
    </groups>
    <test started-at="2025-03-04T14:52:48 IST" name="Default test" finished-at="2025-03-04T14:58:05 IST" duration-ms="316573">
      <class name="com.test.Jewel_Gold_Loan_Renewal_Module.AllScenarios_Jewel_Gold_Loan_Renewal_Transfer">
        <test-method is-config="true" signature="reference()[pri:0, instance:com.test.Jewel_Gold_Loan_Renewal_Module.AllScenarios_Jewel_Gold_Loan_Renewal_Transfer@4a8a60bc]" started-at="2025-03-04T14:52:48 IST" name="reference" finished-at="2025-03-04T14:52:48 IST" duration-ms="10" status="PASS">
          <reporter-output>
          </reporter-output>
        </test-method> <!-- reference -->
        <test-method signature="Loan_Closure_Transfer(java.util.Map,org.testng.ITestContext)[pri:0, instance:com.test.Jewel_Gold_Loan_Renewal_Module.AllScenarios_Jewel_Gold_Loan_Renewal_Transfer@4a8a60bc]" started-at="2025-03-04T14:52:49 IST" name="Loan_Closure_Transfer" data-provider="TestData" finished-at="2025-03-04T14:58:05 IST" duration-ms="315629" status="PASS">
          <params>
            <param index="0">
              <value>
                <![CDATA[{=, Account_Number=3, Dirt_Weight=1, Enter_Purity=22, Item_Description=necklace, Item_Quantity=25, Item_Weight=24, pcRegFormName=qwerty, pcRegFormPcName=zxcvb, Remark=Test, Run=Yes, Sanctioned_Amount=77648, Stone_Weight=0, TestScenario=Loan_Closure_Transfer}]]>
              </value>
            </param>
            <param index="1">
              <value>
                <![CDATA[org.testng.TestRunner@3b46dd8]]>
              </value>
            </param>
          </params>
          <reporter-output>
          </reporter-output>
        </test-method> <!-- Loan_Closure_Transfer -->
      </class> <!-- com.test.Jewel_Gold_Loan_Renewal_Module.AllScenarios_Jewel_Gold_Loan_Renewal_Transfer -->
    </test> <!-- Default test -->
  </suite> <!-- Default suite -->
</testng-results>
