<?xml version="1.0" encoding="UTF-8"?>
<testng-results ignored="0" total="1" passed="1" failed="0" skipped="0">
  <reporter-output>
  </reporter-output>
  <suite started-at="2025-02-06T19:31:39 IST" name="Default suite" finished-at="2025-02-06T19:34:13 IST" duration-ms="153922">
    <groups>
    </groups>
    <test started-at="2025-02-06T19:31:39 IST" name="Default test" finished-at="2025-02-06T19:34:13 IST" duration-ms="153922">
      <class name="com.test.Customer.AllScenarios_Admin_UserCreation">
        <test-method is-config="true" signature="reference()[pri:0, instance:com.test.Customer.AllScenarios_Admin_UserCreation@34a97744]" started-at="2025-02-06T19:31:39 IST" name="reference" finished-at="2025-02-06T19:31:39 IST" duration-ms="29" status="PASS">
          <reporter-output>
          </reporter-output>
        </test-method> <!-- reference -->
        <test-method signature="userCreation(java.util.Map,org.testng.ITestContext)[pri:0, instance:com.test.Customer.AllScenarios_Admin_UserCreation@34a97744]" started-at="2025-02-06T19:31:40 IST" name="userCreation" data-provider="TestData" finished-at="2025-02-06T19:34:13 IST" duration-ms="152694" status="PASS">
          <params>
            <param index="0">
              <value>
                <![CDATA[{branch=102, emailID=g@gmail.com, group=3, invalidName=67%%, invalidUserId=345%%, loginUserName=admin, loginValidPassword=adm@123, machineID=5, Mobile=7899996542, name=Naveen, pcRegFormName=qwerty, pcRegFormPcName=zxcvb, Run=Yes, TestScenario=TC_User_CreationModule, userId=Role, userId1=Eolee, userId2=Eoleee, validName=George}]]>
              </value>
            </param>
            <param index="1">
              <value>
                <![CDATA[org.testng.TestRunner@79b08632]]>
              </value>
            </param>
          </params>
          <reporter-output>
          </reporter-output>
        </test-method> <!-- userCreation -->
      </class> <!-- com.test.Customer.AllScenarios_Admin_UserCreation -->
    </test> <!-- Default test -->
  </suite> <!-- Default suite -->
</testng-results>
